This is LuaTeX, Version 1.07.0 (TeX Live 2018)  (format=lualatex 2018.9.15)  13 MAY 2019 18:30
 restricted system commands enabled.
**"Formato de Texto.tex"
("./Formato de Texto.tex"
LaTeX2e <2018-04-01> patch level 5
Lua module: luaotfload-main 2017/01/29 2.80001 OpenType layout system.
Lua module: lualibs 2017-02-01 2.5 ConTeXt Lua standard libraries.
Lua module: lualibs-extended 2017-02-01 2.5 ConTeXt Lua libraries -- extended co
llection.(using write cache: /Users/agustinmorelli/Library/texlive/2018/texmf-va
r/luatex-cache/generic)(using read cache: /usr/local/texlive/2018/texmf-var/luat
ex-cache/generic /Users/agustinmorelli/Library/texlive/2018/texmf-var/luatex-cac
he/generic)
luaotfload | conf : Root cache directory is /Users/agustinmorelli/Library/texliv
e/2018/texmf-var/luatex-cache/generic/names.
luaotfload | init : Loading fontloader “fontloader-2017-02-11.lua” from kpse
-resolved path “/usr/local/texlive/2018/texmf-dist/tex/luatex/luaotfload/fontl
oader-2017-02-11.lua”.
Lua-only attribute luaotfload@state = 1
Lua-only attribute luaotfload@noligature = 2
Lua-only attribute luaotfload@syllabe = 3
luaotfload | init : Context OpenType loader version “3.027”
Inserting `luaotfload.node_processor' at position 1 in `pre_linebreak_filter'.
Inserting `luaotfload.node_processor' at position 1 in `hpack_filter'.
Inserting `luaotfload.define_font' at position 1 in `define_font'.
Lua-only attribute luaotfload_color_attribute = 4
luaotfload | conf : Root cache directory is /Users/agustinmorelli/Library/texliv
e/2018/texmf-var/luatex-cache/generic/names.
Inserting `luaotfload.aux.set_sscale_dimens' at position 1 in `luaotfload.patch_
font'.
Inserting `luaotfload.aux.patch_cambria_domh' at position 2 in `luaotfload.patch
_font'.
Inserting `luaotfload.aux.fixup_fontdata' at position 1 in `luaotfload.patch_fon
t_unsafe'.
Inserting `luaotfload.aux.set_capheight' at position 3 in `luaotfload.patch_font
'.
Inserting `luaotfload.rewrite_fontname' at position 4 in `luaotfload.patch_font'
.
luaotfload | main : initialization completed in 0.463 seconds (/usr/local/texli
ve/2018/texmf-dist/tex/latex/base/article.cls
Document Class: article 2014/09/29 v1.4h Standard LaTeX document class
(/usr/local/texlive/2018/texmf-dist/tex/latex/base/size11.clo
File: size11.clo 2014/09/29 v1.4h Standard LaTeX file (size option)
luaotfload | db : Font names database loaded from /Users/agustinmorelli/Library/
texlive/2018/texmf-var/luatex-cache/generic/names/luaotfload-names.luc(load luc:
 /Users/agustinmorelli/Library/texlive/2018/texmf-var/luatex-cache/generic/fonts
/otl/lmroman10-regular.luc))
\c@part=\count80
\c@section=\count81
\c@subsection=\count82
\c@subsubsection=\count83
\c@paragraph=\count84
\c@subparagraph=\count85
\c@figure=\count86
\c@table=\count87
\abovecaptionskip=\skip41
\belowcaptionskip=\skip42
\bibindent=\dimen102
) ("./Formato de Texto.aux")
\openout1 = Formato de Texto.aux

LaTeX Font Info:    Checking defaults for OML/cmm/m/it on input line 2.
LaTeX Font Info:    ... okay on input line 2.
LaTeX Font Info:    Checking defaults for T1/cmr/m/n on input line 2.
LaTeX Font Info:    ... okay on input line 2.
LaTeX Font Info:    Checking defaults for OT1/cmr/m/n on input line 2.
LaTeX Font Info:    ... okay on input line 2.
LaTeX Font Info:    Checking defaults for OMS/cmsy/m/n on input line 2.
LaTeX Font Info:    ... okay on input line 2.
LaTeX Font Info:    Checking defaults for TU/lmr/m/n on input line 2.
LaTeX Font Info:    ... okay on input line 2.
LaTeX Font Info:    Checking defaults for OMX/cmex/m/n on input line 2.
LaTeX Font Info:    ... okay on input line 2.
LaTeX Font Info:    Checking defaults for U/cmr/m/n on input line 2.
LaTeX Font Info:    ... okay on input line 2.
(load luc: /Users/agustinmorelli/Library/texlive/2018/texmf-var/luatex-cache/gen
eric/fonts/otl/lmroman12-regular.luc)(load luc: /Users/agustinmorelli/Library/te
xlive/2018/texmf-var/luatex-cache/generic/fonts/otl/lmroman12-bold.luc) ("./For
mato de Texto.toc"(load luc: /Users/agustinmorelli/Library/texlive/2018/texmf-va
r/luatex-cache/generic/fonts/otl/lmroman10-bold.luc)
LaTeX Font Info:    External font `cmex10' loaded for size
(Font)              <10.95> on input line 2.
LaTeX Font Info:    External font `cmex10' loaded for size
(Font)              <8> on input line 2.
LaTeX Font Info:    External font `cmex10' loaded for size
(Font)              <6> on input line 2.
)
\tf@toc=\write3

\openout3 = Formato de Texto.toc
 [1

{/usr/local/texlive/2018/texmf-var/fonts/map/pdftex/updmap/pdftex.map}](save: /U
sers/agustinmorelli/Library/texlive/2018/texmf-var/luatex-cache/generic/fonts/ot
l/lmroman17-regular.lua)(save: /Users/agustinmorelli/Library/texlive/2018/texmf-
var/luatex-cache/generic/fonts/otl/lmroman17-regular.luc)
LaTeX Font Info:    External font `cmex10' loaded for size
(Font)              <17.28> on input line 8.
LaTeX Font Info:    External font `cmex10' loaded for size
(Font)              <12> on input line 8.
(save: /Users/agustinmorelli/Library/texlive/2018/texmf-var/luatex-cache/generic
/fonts/otl/lmroman10-italic.lua)(save: /Users/agustinmorelli/Library/texlive/201
8/texmf-var/luatex-cache/generic/fonts/otl/lmroman10-italic.luc)(save: /Users/ag
ustinmorelli/Library/texlive/2018/texmf-var/luatex-cache/generic/fonts/otl/lmrom
ancaps10-regular.lua)(save: /Users/agustinmorelli/Library/texlive/2018/texmf-var
/luatex-cache/generic/fonts/otl/lmromancaps10-regular.luc)(save: /Users/agustinm
orelli/Library/texlive/2018/texmf-var/luatex-cache/generic/fonts/otl/lmmono10-re
gular.lua)(save: /Users/agustinmorelli/Library/texlive/2018/texmf-var/luatex-cac
he/generic/fonts/otl/lmmono10-regular.luc)(load luc: /Users/agustinmorelli/Libra
ry/texlive/2018/texmf-var/luatex-cache/generic/fonts/otl/lmroman6-regular.luc) 
[2] [3] ("./Formato de Texto.aux"))

Here is how much of LuaTeX's memory you used:
 304 strings out of 494412
 100000,89155 words of node,token memory allocated
 360 words of node memory still in use:
   2 hlist, 1 vlist, 1 rule, 2 glue, 3 attribute, 46 glue_spec, 3 attribute_list
, 1 write nodes
   avail lists: 2:209,3:65,4:5,5:75,6:26,7:973,8:7,9:68,10:4,11:48
 4524 multiletter control sequences out of 65536+600000
 46 fonts using 3478319 bytes
 22i,6n,20p,151b,194s stack positions out of 5000i,500n,10000p,200000b,100000s
</usr/local/texlive/2018/texmf-dist/fonts/opentype/public/lm/lmroman6-regular.ot
f></usr/local/texlive/2018/texmf-dist/fonts/opentype/public/lm/lmmono10-regular.
otf></usr/local/texlive/2018/texmf-dist/fonts/opentype/public/lm/lmromancaps10-r
egular.otf></usr/local/texlive/2018/texmf-dist/fonts/opentype/public/lm/lmroman1
0-italic.otf></usr/local/texlive/2018/texmf-dist/fonts/opentype/public/lm/lmroma
n12-regular.otf></usr/local/texlive/2018/texmf-dist/fonts/opentype/public/lm/lmr
oman17-regular.otf></usr/local/texlive/2018/texmf-dist/fonts/opentype/public/lm/
lmroman10-regular.otf></usr/local/texlive/2018/texmf-dist/fonts/opentype/public/
lm/lmroman10-bold.otf></usr/local/texlive/2018/texmf-dist/fonts/opentype/public/
lm/lmroman12-bold.otf></usr/local/texlive/2018/texmf-dist/fonts/type1/public/ams
fonts/cm/cmmi10.pfb></usr/local/texlive/2018/texmf-dist/fonts/type1/public/amsfo
nts/cm/cmr10.pfb>
Output written on Formato de Texto.pdf (3 pages, 45073 bytes).

PDF statistics: 85 PDF objects out of 1000 (max. 8388607)
 50 compressed objects within 1 object stream
 0 named destinations out of 1000 (max. 131072)
 1 words of extra memory for PDF output out of 10000 (max. 100000000)

